<?xml version="1.0" encoding="UTF-8"?>
<!-- Generated by org.testng.reporters.JUnitXMLReporter -->
<testsuite hostname="Akils-MacBook-Pro.local" name="Smoke Test" tests="10" failures="0" timestamp="25 Sep 2016 03:28:07 GMT" time="0.042" errors="0">
  <testcase name="DoSomething" time="0.004" classname="pack2.Annotations"/>
  <testcase name="OpenBrowser" time="0.001" classname="pack2.Annotations"/>
  <testcase name="OpenBrowserB" time="0.001" classname="pack2.DependencyAnnotations"/>
  <testcase name="ReliesOnTime" time="0.005" classname="pack2.DependencyAnnotations"/>
  <testcase name="DoSomething" time="0.0" classname="TestingFiles.Annotations"/>
  <testcase name="OpenBrowser" time="0.0" classname="TestingFiles.Annotations"/>
  <testcase name="DoSomethingB" time="0.001" classname="pack2.DependencyAnnotations"/>
  <testcase name="OpenBrowserB" time="0.001" classname="TestingFiles.DependencyAnnotations"/>
  <testcase name="ReliesOnTime" time="0.001" classname="TestingFiles.DependencyAnnotations"/>
  <testcase name="DoSomethingB" time="0.001" classname="TestingFiles.DependencyAnnotations"/>
</testsuite> <!-- Smoke Test -->
